<?xml version="1.0" encoding="UTF-8"?>
<!-- Generated by org.testng.reporters.JUnitReportReporter -->
<testsuite hostname="Atul" failures="0" tests="1" name="apiTests.DeleteCartTest" time="1.637" errors="0" timestamp="2025-05-22T11:33:40 IST" skipped="0">
  <testcase classname="apiTests.DeleteCartTest" name="testDeleteCart" time="1.637"/>
</testsuite> <!-- apiTests.DeleteCartTest -->
