<?xml version="1.0" encoding="UTF-8"?>
<!-- Generated by org.testng.reporters.JUnitReportReporter -->
<testsuite hostname="Atul" failures="0" tests="5" name="demoblaze.tests.SignUp" time="45.907" errors="0" timestamp="2025-05-22T11:33:40 IST" skipped="0">
  <testcase classname="demoblaze.tests.SignUp" name="SignUpWithValidDetails" time="10.791"/>
  <testcase classname="demoblaze.tests.SignUp" name="SignUpWithExistingUsername" time="10.823"/>
  <testcase classname="demoblaze.tests.SignUp" name="SignUpWithEmptyUsername" time="7.995"/>
  <testcase classname="demoblaze.tests.SignUp" name="SignUpWithEmptyPassword" time="7.894"/>
  <testcase classname="demoblaze.tests.SignUp" name="SignUpWithEmptyFields" time="8.404"/>
</testsuite> <!-- demoblaze.tests.SignUp -->
